<?xml version="1.0" encoding="UTF-8"?>
<!-- Generated by org.testng.reporters.JUnitXMLReporter -->
<testsuite hostname="DESKTOP-626U24Q" ignored="0" name="Surefire test" tests="5" failures="0" timestamp="27 Dec 2019 12:32:27 GMT" time="84.94" errors="0">
  <testcase name="verifycorrectUsernamedisplayedTest" time="0.169" classname="com.adminlte.qa.testcases.DashboardTest"/>
  <testcase name="clickonUserTest" time="0.645" classname="com.adminlte.qa.testcases.DashboardTest"/>
  <testcase name="clickonOperatorsTest" time="1.26" classname="com.adminlte.qa.testcases.DashboardTest"/>
  <testcase name="clickseleniumtestingsyllabustabTest" time="1.198" classname="com.adminlte.qa.testcases.DashboardTest"/>
  <testcase name="clickPythonsyllabustabTest" time="1.137" classname="com.adminlte.qa.testcases.DashboardTest"/>
</testsuite> <!-- Surefire test -->
