<?xml version="1.0" encoding="UTF-8"?>
<testsuite xmlns:xsi="http://www.w3.org/2001/XMLSchema-instance" xsi:noNamespaceSchemaLocation="https://maven.apache.org/surefire/maven-surefire-plugin/xsd/surefire-test-report-3.0.xsd" version="3.0" name="TestSuite" time="304.967" tests="18" errors="0" skipped="0" failures="1">
  <properties>
[...]
</properties>
  <testcase name="loginpageTitletest" classname="com.adminlte.qa.testcases.LoginpageTestcases" time="0.021"/>
  <testcase name="checklogotest" classname="com.adminlte.qa.testcases.LoginpageTestcases" time="0.057"/>
  <testcase name="loginTestwith_Invalid_data" classname="com.adminlte.qa.testcases.LoginpageTestcases" time="0.296"/>
  <testcase name="loginTestwith_Invalid_data" classname="com.adminlte.qa.testcases.LoginpageTestcases" time="1.151"/>
  <testcase name="LoginTest" classname="com.adminlte.qa.testcases.LoginpageTestcases" time="1.12"/>
  <testcase name="verifycorrectUsernamedisplayedTest" classname="com.adminlte.qa.testcases.DashboardTest" time="0.131"/>
  <testcase name="clickonUserTest" classname="com.adminlte.qa.testcases.DashboardTest" time="0.289"/>
  <testcase name="clickonOperatorsTest" classname="com.adminlte.qa.testcases.DashboardTest" time="1.415"/>
  <testcase name="clickseleniumtestingsyllabustabTest" classname="com.adminlte.qa.testcases.DashboardTest" time="1.117"/>
  <testcase name="clickPythonsyllabustabTest" classname="com.adminlte.qa.testcases.DashboardTest" time="1.107"/>
  <testcase name="tabletiledisplayTest" classname="com.adminlte.qa.testcases.UserPageTestcases" time="0.047"/>
  <testcase name="clickonAdduserTest" classname="com.adminlte.qa.testcases.UserPageTestcases" time="2.347"/>
  <testcase name="clickondeleteTest" classname="com.adminlte.qa.testcases.UserPageTestcases" time="13.126"/>
  <testcase name="clickonLogoutTest" classname="com.adminlte.qa.testcases.UserPageTestcases" time="2.232"/>
  <testcase name="gettitleofpage" classname="com.adminlte.qa.testcases.AdduserTestcases" time="0.078">
    <failure message="JavaByKiran | Add User expected:&lt;JavaByKiran | Add User&gt; but was:&lt;Actual name is differnt than Expected &gt;" type="java.lang.AssertionError"><![CDATA[java.lang.AssertionError: JavaByKiran | Add User expected:<JavaByKiran | Add User> but was:<Actual name is differnt than Expected >
	at com.adminlte.qa.testcases.AdduserTestcases.gettitleofpage(AdduserTestcases.java:50)
]]></failure>
    <system-out><![CDATA[Before Navigate To file:/F:/study/jbk/Selenium/Offline%20Website/index.html'
After Navigate To file:/F:/study/jbk/Selenium/Offline%20Website/index.html'
 Trying to before Find ByBy.id: email
 Trying to after Find ByBy.id: email
 Trying to before Find ByBy.id: password
 Trying to after Find ByBy.id: password
 Trying to before Find ByBy.xpath: //*[@type='submit']
 Trying to after Find ByBy.xpath: //*[@type='submit']
 Trying to before Click On[[ChromeDriver: chrome on XP (d185ecac1750ab1ea0a2c54f4b82d185)] -> xpath: //*[@type='submit']]
 Trying to after Click On[[ChromeDriver: chrome on XP (d185ecac1750ab1ea0a2c54f4b82d185)] -> xpath: //*[@type='submit']]
 Trying to before Find ByBy.xpath: //span[text()='Users']
 Trying to after Find ByBy.xpath: //span[text()='Users']
 Trying to before Click On[[ChromeDriver: chrome on XP (d185ecac1750ab1ea0a2c54f4b82d185)] -> xpath: //span[text()='Users']]
 Trying to after Click On[[ChromeDriver: chrome on XP (d185ecac1750ab1ea0a2c54f4b82d185)] -> xpath: //span[text()='Users']]
 Trying to before Find ByBy.xpath: //button[@class='btn btn-block btn-primary btn-sm pull-right']
 Trying to after Find ByBy.xpath: //button[@class='btn btn-block btn-primary btn-sm pull-right']
 Trying to before Click On[[ChromeDriver: chrome on XP (d185ecac1750ab1ea0a2c54f4b82d185)] -> xpath: //button[@class='btn btn-block btn-primary btn-sm pull-right']]
 Trying to after Click On[[ChromeDriver: chrome on XP (d185ecac1750ab1ea0a2c54f4b82d185)] -> xpath: //button[@class='btn btn-block btn-primary btn-sm pull-right']]
]]></system-out>
    <system-err><![CDATA[Starting ChromeDriver 78.0.3904.105 (60e2d8774a8151efa6a00b1f358371b1e0e07ee2-refs/branch-heads/3904@{#877}) on port 45663
Only local connections are allowed.
Please protect ports used by ChromeDriver and related test frameworks to prevent access by malicious code.
[1577450106.892][WARNING]: This version of ChromeDriver has not been tested with Chrome version 79.
[1577450108.900][WARNING]: Timed out connecting to Chrome, retrying...
Dec 27, 2019 6:05:10 PM org.openqa.selenium.remote.ProtocolHandshake createSession
INFO: Detected dialect: W3C
[1577450112.983][WARNING]: Timed out connecting to Chrome, retrying...
]]></system-err>
  </testcase>
  <testcase name="createnewUserTest" classname="com.adminlte.qa.testcases.AdduserTestcases" time="6.26"/>
  <testcase name="createnewUserTest" classname="com.adminlte.qa.testcases.AdduserTestcases" time="6.003"/>
  <testcase name="createnewUserTest" classname="com.adminlte.qa.testcases.AdduserTestcases" time="5.888"/>
</testsuite>