-------------------------------------------------------------------------------
Test set: TestSuite
-------------------------------------------------------------------------------
Tests run: 18, Failures: 1, Errors: 0, Skipped: 0, Time elapsed: 304.967 s <<< FAILURE! - in TestSuite
com.adminlte.qa.testcases.AdduserTestcases.gettitleofpage  Time elapsed: 0.078 s  <<< FAILURE!
java.lang.AssertionError: JavaByKiran | Add User expected:<JavaByKiran | Add User> but was:<Actual name is differnt than Expected >
	at com.adminlte.qa.testcases.AdduserTestcases.gettitleofpage(AdduserTestcases.java:50)

