<?xml version="1.0" encoding="UTF-8"?>
<testng-results skipped="0" failed="0" ignored="0" total="2" passed="2">
  <reporter-output>
  </reporter-output>
  <suite name="Default suite" duration-ms="57" started-at="2019-12-27T22:18:06 IST" finished-at="2019-12-27T22:18:06 IST">
    <groups>
    </groups>
    <test name="Default test" duration-ms="57" started-at="2019-12-27T22:18:06 IST" finished-at="2019-12-27T22:18:06 IST">
      <class name="com.adminlte.qa.testcases.Demo">
        <test-method status="PASS" signature="beforeSuite()[pri:0, instance:com.adminlte.qa.testcases.Demo@ea1a8d5]" name="beforeSuite" is-config="true" duration-ms="16" started-at="2019-12-27T22:18:06 IST" finished-at="2019-12-27T22:18:06 IST">
          <reporter-output>
          </reporter-output>
        </test-method> <!-- beforeSuite -->
        <test-method status="PASS" signature="beforeTest()[pri:0, instance:com.adminlte.qa.testcases.Demo@ea1a8d5]" name="beforeTest" is-config="true" duration-ms="1" started-at="2019-12-27T22:18:06 IST" finished-at="2019-12-27T22:18:06 IST">
          <reporter-output>
          </reporter-output>
        </test-method> <!-- beforeTest -->
        <test-method status="PASS" signature="beforeClass()[pri:0, instance:com.adminlte.qa.testcases.Demo@ea1a8d5]" name="beforeClass" is-config="true" duration-ms="1" started-at="2019-12-27T22:18:06 IST" finished-at="2019-12-27T22:18:06 IST">
          <reporter-output>
          </reporter-output>
        </test-method> <!-- beforeClass -->
        <test-method status="PASS" signature="beforeMethod()[pri:0, instance:com.adminlte.qa.testcases.Demo@ea1a8d5]" name="beforeMethod" is-config="true" duration-ms="1" started-at="2019-12-27T22:18:06 IST" finished-at="2019-12-27T22:18:06 IST">
          <reporter-output>
          </reporter-output>
        </test-method> <!-- beforeMethod -->
        <test-method status="PASS" signature="f()[pri:0, instance:com.adminlte.qa.testcases.Demo@ea1a8d5]" name="f" duration-ms="8" started-at="2019-12-27T22:18:06 IST" finished-at="2019-12-27T22:18:06 IST">
          <reporter-output>
          </reporter-output>
        </test-method> <!-- f -->
        <test-method status="PASS" signature="afterMethod()[pri:0, instance:com.adminlte.qa.testcases.Demo@ea1a8d5]" name="afterMethod" is-config="true" duration-ms="1" started-at="2019-12-27T22:18:06 IST" finished-at="2019-12-27T22:18:06 IST">
          <reporter-output>
          </reporter-output>
        </test-method> <!-- afterMethod -->
        <test-method status="PASS" signature="beforeMethod()[pri:0, instance:com.adminlte.qa.testcases.Demo@ea1a8d5]" name="beforeMethod" is-config="true" duration-ms="1" started-at="2019-12-27T22:18:06 IST" finished-at="2019-12-27T22:18:06 IST">
          <reporter-output>
          </reporter-output>
        </test-method> <!-- beforeMethod -->
        <test-method status="PASS" signature="f2()[pri:0, instance:com.adminlte.qa.testcases.Demo@ea1a8d5]" name="f2" duration-ms="2" started-at="2019-12-27T22:18:06 IST" finished-at="2019-12-27T22:18:06 IST">
          <reporter-output>
          </reporter-output>
        </test-method> <!-- f2 -->
        <test-method status="PASS" signature="afterMethod()[pri:0, instance:com.adminlte.qa.testcases.Demo@ea1a8d5]" name="afterMethod" is-config="true" duration-ms="0" started-at="2019-12-27T22:18:06 IST" finished-at="2019-12-27T22:18:06 IST">
          <reporter-output>
          </reporter-output>
        </test-method> <!-- afterMethod -->
        <test-method status="PASS" signature="afterClass()[pri:0, instance:com.adminlte.qa.testcases.Demo@ea1a8d5]" name="afterClass" is-config="true" duration-ms="1" started-at="2019-12-27T22:18:06 IST" finished-at="2019-12-27T22:18:06 IST">
          <reporter-output>
          </reporter-output>
        </test-method> <!-- afterClass -->
        <test-method status="PASS" signature="afterTest()[pri:0, instance:com.adminlte.qa.testcases.Demo@ea1a8d5]" name="afterTest" is-config="true" duration-ms="1" started-at="2019-12-27T22:18:06 IST" finished-at="2019-12-27T22:18:06 IST">
          <reporter-output>
          </reporter-output>
        </test-method> <!-- afterTest -->
        <test-method status="PASS" signature="afterSuite()[pri:0, instance:com.adminlte.qa.testcases.Demo@ea1a8d5]" name="afterSuite" is-config="true" duration-ms="0" started-at="2019-12-27T22:18:06 IST" finished-at="2019-12-27T22:18:06 IST">
          <reporter-output>
          </reporter-output>
        </test-method> <!-- afterSuite -->
      </class> <!-- com.adminlte.qa.testcases.Demo -->
    </test> <!-- Default test -->
  </suite> <!-- Default suite -->
</testng-results>
